{
  "RSpec": {
    "coverage": {
      "/Users/nawadar/projects/pws/repos/prog/rails/test/todo-api/app/models/tag.rb": {
        "lines": [
          1,
          1,
          null,
          1,
          1,
          null
        ]
      },
      "/Users/nawadar/projects/pws/repos/prog/rails/test/todo-api/app/models/application_record.rb": {
        "lines": [
          1,
          1,
          null
        ]
      },
      "/Users/nawadar/projects/pws/repos/prog/rails/test/todo-api/app/models/task.rb": {
        "lines": [
          1,
          1,
          null,
          1,
          1,
          null,
          null,
          null,
          null,
          null,
          null,
          null,
          null
        ]
      },
      "/Users/nawadar/projects/pws/repos/prog/rails/test/todo-api/app/controllers/application_controller.rb": {
        "lines": [
          1,
          1,
          null,
          1,
          1,
          1,
          1,
          null,
          null,
          null,
          null,
          null,
          null,
          null,
          null,
          1,
          12,
          null,
          10,
          null,
          null,
          null,
          null,
          null,
          null,
          null,
          70,
          null,
          10,
          null,
          null
        ]
      },
      "/Users/nawadar/projects/pws/repos/prog/rails/test/todo-api/app/controllers/concerns/error_handling.rb": {
        "lines": [
          1,
          1,
          1,
          2,
          null,
          null,
          null,
          1,
          8,
          8,
          null,
          null,
          null,
          1,
          4,
          4,
          null,
          null,
          null,
          1,
          6,
          6,
          null,
          null,
          1,
          6,
          null,
          null,
          null,
          1,
          2,
          2,
          null,
          null,
          null,
          null,
          null,
          null,
          null,
          null,
          1,
          22,
          22,
          22,
          22,
          null,
          null,
          null
        ]
      },
      "/Users/nawadar/projects/pws/repos/prog/rails/test/todo-api/app/controllers/api/v1/tags_controller.rb": {
        "lines": [
          1,
          1,
          6,
          5,
          null,
          null,
          1,
          4,
          3,
          1,
          null,
          null,
          1,
          5,
          4,
          1,
          null,
          null,
          null,
          null,
          null,
          null,
          null,
          null,
          1,
          1,
          8,
          null,
          null
        ]
      },
      "/Users/nawadar/projects/pws/repos/prog/rails/test/todo-api/app/controllers/api/v1/tasks_controller.rb": {
        "lines": [
          1,
          1,
          6,
          5,
          null,
          null,
          1,
          6,
          5,
          5,
          3,
          null,
          3,
          null,
          null,
          null,
          1,
          5,
          4,
          4,
          1,
          1,
          null,
          null,
          null,
          null,
          1,
          4,
          4,
          4,
          2,
          null,
          2,
          2,
          2,
          null,
          null,
          null,
          null,
          null,
          null,
          null,
          null,
          null,
          null,
          null,
          1,
          1,
          10,
          null,
          null
        ]
      }
    },
    "timestamp": 1628573313
  }
}
